<?xml version="1.0" encoding="UTF-8"?>
<!-- Generated by org.testng.reporters.JUnitXMLReporter -->
<testsuite hostname="SCHITTIREDDY-PK" ignored="0" name="Default test" tests="9" failures="0" timestamp="2021-01-29T17:34:22 CST" time="0.042" errors="0">
  <testcase name="aa" time="0.006" classname="mavenJenkinSampleRun.mavenJenkinSampleRun.ClassA"/>
  <testcase name="bb" time="0.001" classname="mavenJenkinSampleRun.mavenJenkinSampleRun.ClassA"/>
  <testcase name="cc" time="0.001" classname="mavenJenkinSampleRun.mavenJenkinSampleRun.ClassA"/>
  <testcase name="dd" time="0.001" classname="mavenJenkinSampleRun.mavenJenkinSampleRun.ClassA"/>
  <testcase name="ee" time="0.0" classname="mavenJenkinSampleRun.mavenJenkinSampleRun.ClassA"/>
  <testcase name="ff" time="0.0" classname="mavenJenkinSampleRun.mavenJenkinSampleRun.ClassA"/>
  <testcase name="gg" time="0.001" classname="mavenJenkinSampleRun.mavenJenkinSampleRun.ClassA"/>
  <testcase name="hh" time="0.001" classname="mavenJenkinSampleRun.mavenJenkinSampleRun.ClassA"/>
  <testcase name="kk" time="0.0" classname="mavenJenkinSampleRun.mavenJenkinSampleRun.ClassA"/>
</testsuite> <!-- Default test -->
